<?xml version="1.0" encoding="UTF-8"?>
<testsuite name="While Loop Structure Tests" tests="3" skipped="0" failures="0" errors="0" timestamp="2025-11-16T05:33:07" hostname="macbookair.lan" time="0.001">
  <properties/>
  <testcase name="Should demonstrate proper loop termination" classname="com.otabi.jcodroneedu.examples.L0108WhileLoopsTest$WhileLoopStructureTests" time="0.001"/>
  <testcase name="Should use sensor data for loop control" classname="com.otabi.jcodroneedu.examples.L0108WhileLoopsTest$WhileLoopStructureTests" time="0.0"/>
  <testcase name="Should demonstrate condition-based iteration" classname="com.otabi.jcodroneedu.examples.L0108WhileLoopsTest$WhileLoopStructureTests" time="0.0"/>
  <system-out><![CDATA[]]></system-out>
  <system-err><![CDATA[]]></system-err>
</testsuite>
