<?xml version="1.0" encoding="UTF-8"?>
<testsuite name="Practical Application Tests" tests="3" skipped="0" failures="0" errors="0" timestamp="2025-11-16T05:33:07" hostname="macbookair.lan" time="0.001">
  <properties/>
  <testcase name="Should create safety function implementations" classname="com.otabi.jcodroneedu.examples.L0110FunctionsTest$PracticalApplicationTests" time="0.0"/>
  <testcase name="Should create autonomous flight function libraries" classname="com.otabi.jcodroneedu.examples.L0110FunctionsTest$PracticalApplicationTests" time="0.001"/>
  <testcase name="Should demonstrate mission planning with functions" classname="com.otabi.jcodroneedu.examples.L0110FunctionsTest$PracticalApplicationTests" time="0.0"/>
  <system-out><![CDATA[]]></system-out>
  <system-err><![CDATA[]]></system-err>
</testsuite>
