<?xml version="1.0" encoding="UTF-8"?>
<testsuite name="Practical Application Tests" tests="3" skipped="0" failures="0" errors="0" timestamp="2025-11-16T05:33:07" hostname="macbookair.lan" time="0.001">
  <properties/>
  <testcase name="Should create intelligent flight automation" classname="com.otabi.jcodroneedu.examples.L0106ConditionalsTest$PracticalApplicationTests" time="0.0"/>
  <testcase name="Should implement obstacle avoidance logic" classname="com.otabi.jcodroneedu.examples.L0106ConditionalsTest$PracticalApplicationTests" time="0.001"/>
  <testcase name="Should demonstrate battery-aware flight patterns" classname="com.otabi.jcodroneedu.examples.L0106ConditionalsTest$PracticalApplicationTests" time="0.0"/>
  <system-out><![CDATA[]]></system-out>
  <system-err><![CDATA[]]></system-err>
</testsuite>
