<?xml version="1.0" encoding="UTF-8"?>
<testsuite name="Function Parameters Tests" tests="3" skipped="0" failures="0" errors="0" timestamp="2025-11-16T05:33:07" hostname="macbookair.lan" time="0.0">
  <properties/>
  <testcase name="Should use function parameters for flexible behavior" classname="com.otabi.jcodroneedu.examples.L0110FunctionsTest$FunctionParametersTests" time="0.0"/>
  <testcase name="Should use parameters for timing and duration control" classname="com.otabi.jcodroneedu.examples.L0110FunctionsTest$FunctionParametersTests" time="0.0"/>
  <testcase name="Should demonstrate parameter passing for movement values" classname="com.otabi.jcodroneedu.examples.L0110FunctionsTest$FunctionParametersTests" time="0.0"/>
  <system-out><![CDATA[]]></system-out>
  <system-err><![CDATA[]]></system-err>
</testsuite>
