<?xml version="1.0" encoding="UTF-8"?>
<testsuite name="Python Parity Tests" tests="2" skipped="0" failures="0" errors="0" timestamp="2025-11-16T05:33:07" hostname="macbookair.lan" time="0.048">
  <properties/>
  <testcase name="Sensor data return types are appropriate" classname="com.otabi.jcodroneedu.SensorDataAccessTest$PythonParityTests" time="0.023"/>
  <testcase name="Unit conversion matches Python behavior" classname="com.otabi.jcodroneedu.SensorDataAccessTest$PythonParityTests" time="0.025"/>
  <system-out><![CDATA[]]></system-out>
  <system-err><![CDATA[]]></system-err>
</testsuite>
