<?xml version="1.0" encoding="UTF-8"?>
<testsuite name="Advanced Variable Usage Tests" tests="3" skipped="0" failures="0" errors="0" timestamp="2025-11-16T05:33:07" hostname="macbookair.lan" time="0.001">
  <properties/>
  <testcase name="Should demonstrate variable arithmetic operations" classname="com.otabi.jcodroneedu.examples.L0105VariablesTest$AdvancedVariableUsageTests" time="0.0"/>
  <testcase name="Should use variables for complex flight calculations" classname="com.otabi.jcodroneedu.examples.L0105VariablesTest$AdvancedVariableUsageTests" time="0.0"/>
  <testcase name="Should create dynamic flight patterns with variables" classname="com.otabi.jcodroneedu.examples.L0105VariablesTest$AdvancedVariableUsageTests" time="0.001"/>
  <system-out><![CDATA[]]></system-out>
  <system-err><![CDATA[]]></system-err>
</testsuite>
