<?xml version="1.0" encoding="UTF-8"?>
<testsuite name="com.otabi.jcodroneedu.ml.ColorClassifierTest" tests="4" skipped="0" failures="0" errors="0" timestamp="2025-11-16T05:33:07" hostname="macbookair.lan" time="0.024">
  <properties/>
  <testcase name="testAppendColorData()" classname="com.otabi.jcodroneedu.ml.ColorClassifierTest" time="0.021"/>
  <testcase name="testLoadColorDataAndPredict()" classname="com.otabi.jcodroneedu.ml.ColorClassifierTest" time="0.001"/>
  <testcase name="testNewColorData()" classname="com.otabi.jcodroneedu.ml.ColorClassifierTest" time="0.001"/>
  <testcase name="testResetClassifier()" classname="com.otabi.jcodroneedu.ml.ColorClassifierTest" time="0.001"/>
  <system-out><![CDATA[]]></system-out>
  <system-err><![CDATA[]]></system-err>
</testsuite>
