<?xml version="1.0" encoding="UTF-8"?>
<testsuite name="Autonomous Method Tests" tests="1" skipped="0" failures="0" errors="0" timestamp="2025-11-16T05:32:57" hostname="macbookair.lan" time="0.002">
  <properties/>
  <testcase name="Registry should list only autonomous methods" classname="com.otabi.jcodroneedu.AutonomousMethodTest" time="0.002"/>
  <system-out><![CDATA[]]>&#x1f4dd;<![CDATA[ Registered autonomous method: avoidWall
]]>&#x1f4dd;<![CDATA[ Registered autonomous method: keepDistance
]]></system-out>
  <system-err><![CDATA[]]></system-err>
</testsuite>
