<?xml version="1.0" encoding="UTF-8"?>
<testsuite name="Comparison Operations Tests" tests="3" skipped="0" failures="0" errors="0" timestamp="2025-11-16T05:33:07" hostname="macbookair.lan" time="0.001">
  <properties/>
  <testcase name="Should use conditional logic for safety" classname="com.otabi.jcodroneedu.examples.L0106ConditionalsTest$ComparisonOperationsTests" time="0.001"/>
  <testcase name="Should demonstrate range-based conditional logic" classname="com.otabi.jcodroneedu.examples.L0106ConditionalsTest$ComparisonOperationsTests" time="0.0"/>
  <testcase name="Should use comparison operators for flight decisions" classname="com.otabi.jcodroneedu.examples.L0106ConditionalsTest$ComparisonOperationsTests" time="0.0"/>
  <system-out><![CDATA[]]></system-out>
  <system-err><![CDATA[]]></system-err>
</testsuite>
