<?xml version="1.0" encoding="UTF-8"?>
<testsuite name="com.otabi.jcodroneedu.OpticalFlowTest" tests="6" skipped="0" failures="0" errors="0" timestamp="2025-11-16T05:33:02" hostname="macbookair.lan" time="0.138">
  <properties/>
  <testcase name="testNegativeVelocityData()" classname="com.otabi.jcodroneedu.OpticalFlowTest" time="0.0"/>
  <testcase name="testNoFlowData_ReturnsZero()" classname="com.otabi.jcodroneedu.OpticalFlowTest" time="0.134"/>
  <testcase name="testUnitConversion_WithSimulatedData()" classname="com.otabi.jcodroneedu.OpticalFlowTest" time="0.001"/>
  <testcase name="testInvalidUnits_ThrowException()" classname="com.otabi.jcodroneedu.OpticalFlowTest" time="0.001"/>
  <testcase name="testDeprecatedMethods_WithSimulatedData()" classname="com.otabi.jcodroneedu.OpticalFlowTest" time="0.0"/>
  <testcase name="testZeroVelocityData()" classname="com.otabi.jcodroneedu.OpticalFlowTest" time="0.0"/>
  <system-out><![CDATA[21:33:02.483 [Test worker] ERROR com.otabi.jcodroneedu.SerialPortManager - Cannot write, serial port is not open.
21:33:02.547 [Test worker] ERROR com.otabi.jcodroneedu.SerialPortManager - Cannot write, serial port is not open.
21:33:02.603 [Test worker] ERROR com.otabi.jcodroneedu.SerialPortManager - Cannot write, serial port is not open.
]]></system-out>
  <system-err><![CDATA[]]></system-err>
</testsuite>
