<?xml version="1.0" encoding="UTF-8"?>
<testsuite name="Educational Progression Tests" tests="3" skipped="0" failures="0" errors="0" timestamp="2025-11-16T05:33:07" hostname="macbookair.lan" time="0.0">
  <properties/>
  <testcase name="Should prepare for conditional logic (L0106)" classname="com.otabi.jcodroneedu.examples.L0105VariablesTest$EducationalProgressionTests" time="0.0"/>
  <testcase name="Should demonstrate variable best practices" classname="com.otabi.jcodroneedu.examples.L0105VariablesTest$EducationalProgressionTests" time="0.0"/>
  <testcase name="Should build on basic variable concepts from L0104" classname="com.otabi.jcodroneedu.examples.L0105VariablesTest$EducationalProgressionTests" time="0.0"/>
  <system-out><![CDATA[]]></system-out>
  <system-err><![CDATA[]]></system-err>
</testsuite>
