<?xml version="1.0" encoding="UTF-8"?>
<testsuite name="Individual Color Sensor Tests" tests="4" skipped="0" failures="0" errors="0" timestamp="2025-11-16T05:32:59" hostname="macbookair.lan" time="0.005">
  <properties/>
  <testcase name="get_back_color() should return NONE (0) when initialized" classname="com.otabi.jcodroneedu.ColorSensorTest$IndividualColorSensorTests" time="0.001"/>
  <testcase name="get_front_color() should return NONE (0) when initialized" classname="com.otabi.jcodroneedu.ColorSensorTest$IndividualColorSensorTests" time="0.001"/>
  <testcase name="get_back_color() should return back sensor color value" classname="com.otabi.jcodroneedu.ColorSensorTest$IndividualColorSensorTests" time="0.002"/>
  <testcase name="get_front_color() should return front sensor color value" classname="com.otabi.jcodroneedu.ColorSensorTest$IndividualColorSensorTests" time="0.0"/>
  <system-out><![CDATA[]]></system-out>
  <system-err><![CDATA[]]></system-err>
</testsuite>
