<?xml version="1.0" encoding="UTF-8"?>
<testsuite name="Educational Progression Tests" tests="3" skipped="0" failures="0" errors="0" timestamp="2025-11-16T05:33:07" hostname="macbookair.lan" time="0.001">
  <properties/>
  <testcase name="Should prepare for loop concepts (L0107)" classname="com.otabi.jcodroneedu.examples.L0106ConditionalsTest$EducationalProgressionTests" time="0.0"/>
  <testcase name="Should build on variable concepts from L0104/L0105" classname="com.otabi.jcodroneedu.examples.L0106ConditionalsTest$EducationalProgressionTests" time="0.001"/>
  <testcase name="Should demonstrate problem-solving with conditionals" classname="com.otabi.jcodroneedu.examples.L0106ConditionalsTest$EducationalProgressionTests" time="0.0"/>
  <system-out><![CDATA[]]></system-out>
  <system-err><![CDATA[]]></system-err>
</testsuite>
