<?xml version="1.0" encoding="UTF-8"?>
<testsuite name="Educational Objectives Tests" tests="3" skipped="0" failures="0" errors="0" timestamp="2025-11-16T05:33:07" hostname="macbookair.lan" time="0.0">
  <properties/>
  <testcase name="Should use print statements for debugging/feedback" classname="com.otabi.jcodroneedu.examples.L0101FirstFlightTest$EducationalObjectivesTests" time="0.0"/>
  <testcase name="Should demonstrate proper connection/pairing" classname="com.otabi.jcodroneedu.examples.L0101FirstFlightTest$EducationalObjectivesTests" time="0.0"/>
  <testcase name="Should not have any safety violations" classname="com.otabi.jcodroneedu.examples.L0101FirstFlightTest$EducationalObjectivesTests" time="0.0"/>
  <system-out><![CDATA[]]></system-out>
  <system-err><![CDATA[]]></system-err>
</testsuite>
