<?xml version="1.0" encoding="UTF-8"?>
<testsuite name="Educational Progression Tests" tests="3" skipped="0" failures="0" errors="0" timestamp="2025-11-16T05:33:07" hostname="macbookair.lan" time="0.0">
  <properties/>
  <testcase name="Should build on movement concepts from L0103" classname="com.otabi.jcodroneedu.examples.L0104VariablesTest$EducationalProgressionTests" time="0.0"/>
  <testcase name="Should prepare for conditionals lesson (L0106)" classname="com.otabi.jcodroneedu.examples.L0104VariablesTest$EducationalProgressionTests" time="0.0"/>
  <testcase name="Should demonstrate debugging benefits of variables" classname="com.otabi.jcodroneedu.examples.L0104VariablesTest$EducationalProgressionTests" time="0.0"/>
  <system-out><![CDATA[]]></system-out>
  <system-err><![CDATA[]]></system-err>
</testsuite>
