<?xml version="1.0" encoding="UTF-8"?>
<testsuite name="com.otabi.jcodroneedu.ResetAndTrimTest" tests="7" skipped="0" failures="0" errors="0" timestamp="2025-11-16T05:33:02" hostname="macbookair.lan" time="4.307">
  <properties/>
  <testcase name="testResetTrimMethod()" classname="com.otabi.jcodroneedu.ResetAndTrimTest" time="0.0"/>
  <testcase name="testPythonAPICompatibility()" classname="com.otabi.jcodroneedu.ResetAndTrimTest" time="0.0"/>
  <testcase name="testEducationalAnnotations()" classname="com.otabi.jcodroneedu.ResetAndTrimTest" time="0.0"/>
  <testcase name="testGetTrimMethod()" classname="com.otabi.jcodroneedu.ResetAndTrimTest" time="0.001"/>
  <testcase name="testSetTrimMethod()" classname="com.otabi.jcodroneedu.ResetAndTrimTest" time="2.454"/>
  <testcase name="testResetGyroMethod()" classname="com.otabi.jcodroneedu.ResetAndTrimTest" time="0.0"/>
  <testcase name="testTrimValueRanges()" classname="com.otabi.jcodroneedu.ResetAndTrimTest" time="1.849"/>
  <system-out><![CDATA[21:33:02.627 [Test worker] ERROR com.otabi.jcodroneedu.SerialPortManager - Cannot write, serial port is not open.
21:33:02.629 [Test worker] WARN  com.otabi.jcodroneedu.Drone - No trim data available (disconnected or no data), returning default values
21:33:02.629 [Test worker] ERROR com.otabi.jcodroneedu.SerialPortManager - Cannot write, serial port is not open.
21:33:02.831 [Test worker] ERROR com.otabi.jcodroneedu.SerialPortManager - Cannot write, serial port is not open.
21:33:03.033 [Test worker] ERROR com.otabi.jcodroneedu.SerialPortManager - Cannot write, serial port is not open.
21:33:03.236 [Test worker] ERROR com.otabi.jcodroneedu.SerialPortManager - Cannot write, serial port is not open.
21:33:03.440 [Test worker] ERROR com.otabi.jcodroneedu.SerialPortManager - Cannot write, serial port is not open.
21:33:03.642 [Test worker] ERROR com.otabi.jcodroneedu.SerialPortManager - Cannot write, serial port is not open.
21:33:03.847 [Test worker] ERROR com.otabi.jcodroneedu.SerialPortManager - Cannot write, serial port is not open.
21:33:04.050 [Test worker] ERROR com.otabi.jcodroneedu.SerialPortManager - Cannot write, serial port is not open.
21:33:04.254 [Test worker] ERROR com.otabi.jcodroneedu.SerialPortManager - Cannot write, serial port is not open.
21:33:04.458 [Test worker] ERROR com.otabi.jcodroneedu.SerialPortManager - Cannot write, serial port is not open.
21:33:04.668 [Test worker] ERROR com.otabi.jcodroneedu.SerialPortManager - Cannot write, serial port is not open.
21:33:04.876 [Test worker] ERROR com.otabi.jcodroneedu.SerialPortManager - Cannot write, serial port is not open.
21:33:05.085 [Test worker] ERROR com.otabi.jcodroneedu.SerialPortManager - Cannot write, serial port is not open.
21:33:05.290 [Test worker] ERROR com.otabi.jcodroneedu.SerialPortManager - Cannot write, serial port is not open.
21:33:05.494 [Test worker] ERROR com.otabi.jcodroneedu.SerialPortManager - Cannot write, serial port is not open.
21:33:05.698 [Test worker] ERROR com.otabi.jcodroneedu.SerialPortManager - Cannot write, serial port is not open.
21:33:05.904 [Test worker] ERROR com.otabi.jcodroneedu.SerialPortManager - Cannot write, serial port is not open.
21:33:06.105 [Test worker] ERROR com.otabi.jcodroneedu.SerialPortManager - Cannot write, serial port is not open.
21:33:06.310 [Test worker] ERROR com.otabi.jcodroneedu.SerialPortManager - Cannot write, serial port is not open.
21:33:06.515 [Test worker] ERROR com.otabi.jcodroneedu.SerialPortManager - Cannot write, serial port is not open.
21:33:06.720 [Test worker] ERROR com.otabi.jcodroneedu.SerialPortManager - Cannot write, serial port is not open.
]]></system-out>
  <system-err><![CDATA[]]></system-err>
</testsuite>
