<?xml version="1.0" encoding="UTF-8"?>
<testsuite name="Performance and Optimization Tests" tests="3" skipped="0" failures="0" errors="0" timestamp="2025-11-16T05:33:07" hostname="macbookair.lan" time="0.0">
  <properties/>
  <testcase name="Should avoid unnecessary nested loop complexity" classname="com.otabi.jcodroneedu.examples.L0109NestedLoopsTest$PerformanceOptimizationTests" time="0.0"/>
  <testcase name="Should demonstrate efficient nested loop design" classname="com.otabi.jcodroneedu.examples.L0109NestedLoopsTest$PerformanceOptimizationTests" time="0.0"/>
  <testcase name="Should demonstrate structured nested loop organization" classname="com.otabi.jcodroneedu.examples.L0109NestedLoopsTest$PerformanceOptimizationTests" time="0.0"/>
  <system-out><![CDATA[]]></system-out>
  <system-err><![CDATA[]]></system-err>
</testsuite>
