<?xml version="1.0" encoding="UTF-8"?>
<testsuite name="Square Pattern - Educational Flight Sequences" tests="3" skipped="0" failures="0" errors="0" timestamp="2025-11-16T05:33:00" hostname="macbookair.lan" time="0.005">
  <properties/>
  <testcase name="square() overloaded methods should use defaults" classname="com.otabi.jcodroneedu.CriticalMethodsTest$SquarePatternTests" time="0.003"/>
  <testcase name="square() should clamp speed to 0-100 range" classname="com.otabi.jcodroneedu.CriticalMethodsTest$SquarePatternTests" time="0.0"/>
  <testcase name="square() with all parameters should be tracked" classname="com.otabi.jcodroneedu.CriticalMethodsTest$SquarePatternTests" time="0.001"/>
  <system-out><![CDATA[]]></system-out>
  <system-err><![CDATA[]]></system-err>
</testsuite>
