<?xml version="1.0" encoding="UTF-8"?>
<testsuite name="Complex Pattern Creation Tests" tests="3" skipped="0" failures="0" errors="0" timestamp="2025-11-16T05:33:07" hostname="macbookair.lan" time="0.001">
  <properties/>
  <testcase name="Should create grid-based flight patterns" classname="com.otabi.jcodroneedu.examples.L0109NestedLoopsTest$ComplexPatternCreationTests" time="0.001"/>
  <testcase name="Should demonstrate matrix-like flight operations" classname="com.otabi.jcodroneedu.examples.L0109NestedLoopsTest$ComplexPatternCreationTests" time="0.0"/>
  <testcase name="Should create complex geometric shapes" classname="com.otabi.jcodroneedu.examples.L0109NestedLoopsTest$ComplexPatternCreationTests" time="0.0"/>
  <system-out><![CDATA[]]></system-out>
  <system-err><![CDATA[]]></system-err>
</testsuite>
