<?xml version="1.0" encoding="UTF-8"?>
<testsuite name="com.otabi.jcodroneedu.ReceiverTest" tests="5" skipped="0" failures="0" errors="0" timestamp="2025-11-16T05:33:02" hostname="macbookair.lan" time="0.005">
  <properties/>
  <testcase name="Should process ACK messages and complete future" classname="com.otabi.jcodroneedu.ReceiverTest" time="0.001"/>
  <testcase name="Should reject message with bad CRC" classname="com.otabi.jcodroneedu.ReceiverTest" time="0.002"/>
  <testcase name="Should ignore malformed start sequence" classname="com.otabi.jcodroneedu.ReceiverTest" time="0.0"/>
  <testcase name="Should handle zero-length payload messages (END only)" classname="com.otabi.jcodroneedu.ReceiverTest" time="0.0"/>
  <testcase name="Should correctly parse a valid State message" classname="com.otabi.jcodroneedu.ReceiverTest" time="0.0"/>
  <system-out><![CDATA[]]></system-out>
  <system-err><![CDATA[]]></system-err>
</testsuite>
