<?xml version="1.0" encoding="UTF-8"?>
<testsuite name="Movement Command Tests" tests="2" skipped="0" failures="0" errors="0" timestamp="2025-11-16T05:33:07" hostname="macbookair.lan" time="0.0">
  <properties/>
  <testcase name="Should maintain logical movement sequence" classname="com.otabi.jcodroneedu.DroneFlightTest$MovementTests" time="0.0"/>
  <testcase name="Should use move() command to execute movements" classname="com.otabi.jcodroneedu.DroneFlightTest$MovementTests" time="0.0"/>
  <system-out><![CDATA[]]></system-out>
  <system-err><![CDATA[]]></system-err>
</testsuite>
