<?xml version="1.0" encoding="UTF-8"?>
<testsuite name="Basic LED Methods" tests="4" skipped="0" failures="0" errors="0" timestamp="2025-11-16T05:33:02" hostname="macbookair.lan" time="0.031">
  <properties/>
  <testcase name="Should validate LED parameter ranges" classname="com.otabi.jcodroneedu.LEDControlTest$BasicLEDTests" time="0.002"/>
  <testcase name="Should set drone LED with RGBA values" classname="com.otabi.jcodroneedu.LEDControlTest$BasicLEDTests" time="0.013"/>
  <testcase name="Should set drone LED with RGB values (full brightness)" classname="com.otabi.jcodroneedu.LEDControlTest$BasicLEDTests" time="0.007"/>
  <testcase name="Should turn off drone LED" classname="com.otabi.jcodroneedu.LEDControlTest$BasicLEDTests" time="0.007"/>
  <system-out><![CDATA[]]></system-out>
  <system-err><![CDATA[]]></system-err>
</testsuite>
