<?xml version="1.0" encoding="UTF-8"?>
<testsuite name="Comprehensive Sensor Data Tests" tests="2" skipped="0" failures="0" errors="0" timestamp="2025-11-16T05:32:55" hostname="macbookair.lan" time="1.111">
  <properties/>
  <testcase name="getSensorData() should return null when no basic sensor data available" classname="com.otabi.jcodroneedu.AdvancedSensorTest$ComprehensiveSensorTests" time="0.746"/>
  <testcase name="getSensorData() should return comprehensive sensor array when data available" classname="com.otabi.jcodroneedu.AdvancedSensorTest$ComprehensiveSensorTests" time="0.363"/>
  <system-out><![CDATA[21:32:55.226 [Test worker] ERROR com.otabi.jcodroneedu.SerialPortManager - Cannot write, serial port is not open.
21:32:55.306 [Test worker] ERROR com.otabi.jcodroneedu.SerialPortManager - Cannot write, serial port is not open.
21:32:55.362 [Test worker] ERROR com.otabi.jcodroneedu.SerialPortManager - Cannot write, serial port is not open.
21:32:55.417 [Test worker] WARN  com.otabi.jcodroneedu.FlightController - Battery critically low: 0%. Land immediately.
21:32:55.430 [Test worker] ERROR com.otabi.jcodroneedu.SerialPortManager - Cannot write, serial port is not open.
21:32:55.557 [Test worker] ERROR com.otabi.jcodroneedu.SerialPortManager - Cannot write, serial port is not open.
21:32:55.683 [Test worker] ERROR com.otabi.jcodroneedu.SerialPortManager - Cannot write, serial port is not open.
21:32:55.794 [Test worker] ERROR com.otabi.jcodroneedu.SerialPortManager - Cannot write, serial port is not open.
21:32:55.851 [Test worker] ERROR com.otabi.jcodroneedu.SerialPortManager - Cannot write, serial port is not open.
21:32:55.973 [Test worker] ERROR com.otabi.jcodroneedu.SerialPortManager - Cannot write, serial port is not open.
21:32:56.044 [Test worker] ERROR com.otabi.jcodroneedu.SerialPortManager - Cannot write, serial port is not open.
21:32:56.099 [Test worker] ERROR com.otabi.jcodroneedu.SerialPortManager - Cannot write, serial port is not open.
21:32:56.150 [Test worker] WARN  com.otabi.jcodroneedu.FlightController - Battery critically low: 0%. Land immediately.
21:32:56.165 [Test worker] ERROR com.otabi.jcodroneedu.SerialPortManager - Cannot write, serial port is not open.
21:32:56.220 [Test worker] ERROR com.otabi.jcodroneedu.SerialPortManager - Cannot write, serial port is not open.
]]></system-out>
  <system-err><![CDATA[Warning: Timeout waiting for fresh data for tag: Motion. Returning possibly stale data.
Warning: Timeout waiting for fresh data for tag: Range. Returning possibly stale data.
Warning: Timeout waiting for fresh data for tag: State. Returning possibly stale data.
Warning: Timeout waiting for fresh data for tag: Altitude. Returning possibly stale data.
Warning: Timeout waiting for fresh data for tag: Altitude. Returning possibly stale data.
Warning: Timeout waiting for fresh data for tag: Altitude. Returning possibly stale data.
Warning: Timeout waiting for fresh data for tag: Altitude. Returning possibly stale data.
Warning: Timeout waiting for fresh data for tag: Motion. Returning possibly stale data.
Warning: Timeout waiting for fresh data for tag: Range. Returning possibly stale data.
Warning: Timeout waiting for fresh data for tag: State. Returning possibly stale data.
Warning: Timeout waiting for fresh data for tag: Altitude. Returning possibly stale data.
]]></system-err>
</testsuite>
