<?xml version="1.0" encoding="UTF-8"?>
<testsuite name="Educational Integration Tests" tests="3" skipped="0" failures="0" errors="0" timestamp="2025-11-16T05:33:07" hostname="macbookair.lan" time="0.001">
  <properties/>
  <testcase name="Should prepare for advanced drone applications" classname="com.otabi.jcodroneedu.examples.L0110FlyShapesTest$EducationalIntegrationTests" time="0.0"/>
  <testcase name="Should integrate all learned programming concepts" classname="com.otabi.jcodroneedu.examples.L0110FlyShapesTest$EducationalIntegrationTests" time="0.0"/>
  <testcase name="Should demonstrate STEM integration" classname="com.otabi.jcodroneedu.examples.L0110FlyShapesTest$EducationalIntegrationTests" time="0.0"/>
  <system-out><![CDATA[]]></system-out>
  <system-err><![CDATA[]]></system-err>
</testsuite>
