<?xml version="1.0" encoding="UTF-8"?>
<testsuite name="Variable Concept Tests" tests="3" skipped="0" failures="0" errors="0" timestamp="2025-11-16T05:33:07" hostname="macbookair.lan" time="0.001">
  <properties/>
  <testcase name="Should show variable modification and reuse" classname="com.otabi.jcodroneedu.examples.L0104VariablesTest$VariableConceptTests" time="0.0"/>
  <testcase name="Should demonstrate variable naming best practices" classname="com.otabi.jcodroneedu.examples.L0104VariablesTest$VariableConceptTests" time="0.0"/>
  <testcase name="Should eliminate magic numbers through variables" classname="com.otabi.jcodroneedu.examples.L0104VariablesTest$VariableConceptTests" time="0.001"/>
  <system-out><![CDATA[]]></system-out>
  <system-err><![CDATA[]]></system-err>
</testsuite>
