<?xml version="1.0" encoding="UTF-8"?>
<testsuite name="Advanced Function Concepts Tests" tests="3" skipped="0" failures="0" errors="0" timestamp="2025-11-16T05:33:07" hostname="macbookair.lan" time="0.001">
  <properties/>
  <testcase name="Should demonstrate scalable function architecture" classname="com.otabi.jcodroneedu.examples.L0110FunctionsTest$AdvancedFunctionConceptsTests" time="0.0"/>
  <testcase name="Should demonstrate function best practices" classname="com.otabi.jcodroneedu.examples.L0110FunctionsTest$AdvancedFunctionConceptsTests" time="0.001"/>
  <testcase name="Should create maintainable function-based code" classname="com.otabi.jcodroneedu.examples.L0110FunctionsTest$AdvancedFunctionConceptsTests" time="0.0"/>
  <system-out><![CDATA[]]></system-out>
  <system-err><![CDATA[]]></system-err>
</testsuite>
