<?xml version="1.0" encoding="UTF-8"?>
<testsuite name="Loop Structure Tests" tests="3" skipped="0" failures="0" errors="0" timestamp="2025-11-16T05:33:07" hostname="macbookair.lan" time="0.0">
  <properties/>
  <testcase name="Should use loops for geometric patterns" classname="com.otabi.jcodroneedu.examples.L0107ForLoopsTest$LoopStructureTests" time="0.0"/>
  <testcase name="Should demonstrate repetitive flight patterns" classname="com.otabi.jcodroneedu.examples.L0107ForLoopsTest$LoopStructureTests" time="0.0"/>
  <testcase name="Should demonstrate loop efficiency over repeated code" classname="com.otabi.jcodroneedu.examples.L0107ForLoopsTest$LoopStructureTests" time="0.0"/>
  <system-out><![CDATA[]]></system-out>
  <system-err><![CDATA[]]></system-err>
</testsuite>
