<?xml version="1.0" encoding="UTF-8"?>
<testsuite name="Test Helper Validation" tests="4" skipped="0" failures="0" errors="0" timestamp="2025-11-16T05:33:07" hostname="macbookair.lan" time="0.006">
  <properties/>
  <testcase name="Should detect turning usage" classname="com.otabi.jcodroneedu.TurningMethodsTest$TestHelperValidationTests" time="0.002"/>
  <testcase name="Should get all turning calls" classname="com.otabi.jcodroneedu.TurningMethodsTest$TestHelperValidationTests" time="0.003"/>
  <testcase name="Should detect precise turning usage" classname="com.otabi.jcodroneedu.TurningMethodsTest$TestHelperValidationTests" time="0.001"/>
  <testcase name="Should not detect turning when not used" classname="com.otabi.jcodroneedu.TurningMethodsTest$TestHelperValidationTests" time="0.0"/>
  <system-out><![CDATA[]]></system-out>
  <system-err><![CDATA[]]></system-err>
</testsuite>
