<?xml version="1.0" encoding="UTF-8"?>
<testsuite name="Square Flight Pattern Tests" tests="3" skipped="0" failures="0" errors="0" timestamp="2025-11-16T05:33:07" hostname="macbookair.lan" time="0.001">
  <properties/>
  <testcase name="Should reset pitch/roll values between movements" classname="com.otabi.jcodroneedu.examples.L0102FlightMovementsTest$SquareFlightTests" time="0.0"/>
  <testcase name="Should use minimum required move commands for square" classname="com.otabi.jcodroneedu.examples.L0102FlightMovementsTest$SquareFlightTests" time="0.0"/>
  <testcase name="Should use setPitch() and setRoll() for directional movement" classname="com.otabi.jcodroneedu.examples.L0102FlightMovementsTest$SquareFlightTests" time="0.001"/>
  <system-out><![CDATA[]]></system-out>
  <system-err><![CDATA[]]></system-err>
</testsuite>
