<?xml version="1.0" encoding="UTF-8"?>
<testsuite name="Throttle Movement Tests" tests="2" skipped="0" failures="0" errors="0" timestamp="2025-11-16T05:33:07" hostname="macbookair.lan" time="0.0">
  <properties/>
  <testcase name="Should understand throttle is used in takeoff/land" classname="com.otabi.jcodroneedu.examples.L0103FlightMovementsTest$ThrottleMovementTests" time="0.0"/>
  <testcase name="Should use setThrottle for vertical movement" classname="com.otabi.jcodroneedu.examples.L0103FlightMovementsTest$ThrottleMovementTests" time="0.0"/>
  <system-out><![CDATA[]]></system-out>
  <system-err><![CDATA[]]></system-err>
</testsuite>
