<?xml version="1.0" encoding="UTF-8"?>
<testsuite name="Basic Turn Method Tests" tests="4" skipped="0" failures="0" errors="0" timestamp="2025-11-16T05:33:07" hostname="macbookair.lan" time="0.001">
  <properties/>
  <testcase name="Should handle positive and negative power values" classname="com.otabi.jcodroneedu.TurningMethodsTest$BasicTurnMethodTests" time="0.001"/>
  <testcase name="Should turn with default duration" classname="com.otabi.jcodroneedu.TurningMethodsTest$BasicTurnMethodTests" time="0.0"/>
  <testcase name="Should turn with null duration for manual control" classname="com.otabi.jcodroneedu.TurningMethodsTest$BasicTurnMethodTests" time="0.0"/>
  <testcase name="Should turn with power and duration" classname="com.otabi.jcodroneedu.TurningMethodsTest$BasicTurnMethodTests" time="0.0"/>
  <system-out><![CDATA[]]></system-out>
  <system-err><![CDATA[]]></system-err>
</testsuite>
