<?xml version="1.0" encoding="UTF-8"?>
<testsuite name="Degree-Based Turn Tests" tests="4" skipped="0" failures="0" errors="0" timestamp="2025-11-16T05:33:07" hostname="macbookair.lan" time="0.001">
  <properties/>
  <testcase name="Should turn to specific degree with default parameters" classname="com.otabi.jcodroneedu.TurningMethodsTest$DegreeTurnTests" time="0.0"/>
  <testcase name="Should turn with all custom parameters" classname="com.otabi.jcodroneedu.TurningMethodsTest$DegreeTurnTests" time="0.0"/>
  <testcase name="Should handle positive and negative degrees" classname="com.otabi.jcodroneedu.TurningMethodsTest$DegreeTurnTests" time="0.0"/>
  <testcase name="Should turn to specific degree with custom timeout" classname="com.otabi.jcodroneedu.TurningMethodsTest$DegreeTurnTests" time="0.0"/>
  <system-out><![CDATA[]]></system-out>
  <system-err><![CDATA[]]></system-err>
</testsuite>
