<?xml version="1.0" encoding="UTF-8"?>
<testsuite name="Square Pattern Quality Tests" tests="2" skipped="0" failures="0" errors="0" timestamp="2025-11-16T05:33:07" hostname="macbookair.lan" time="0.001">
  <properties/>
  <testcase name="Should complete full square pattern" classname="com.otabi.jcodroneedu.examples.L0102FlightMovementsTest$SquarePatternQualityTests" time="0.0"/>
  <testcase name="Should demonstrate understanding of flight control concepts" classname="com.otabi.jcodroneedu.examples.L0102FlightMovementsTest$SquarePatternQualityTests" time="0.001"/>
  <system-out><![CDATA[]]></system-out>
  <system-err><![CDATA[]]></system-err>
</testsuite>
