<?xml version="1.0" encoding="UTF-8"?>
<testsuite name="Loop Condition Tests" tests="3" skipped="0" failures="0" errors="0" timestamp="2025-11-16T05:33:07" hostname="macbookair.lan" time="0.001">
  <properties/>
  <testcase name="Should prevent infinite loops through proper conditions" classname="com.otabi.jcodroneedu.examples.L0108WhileLoopsTest$LoopConditionTests" time="0.001"/>
  <testcase name="Should use appropriate loop termination conditions" classname="com.otabi.jcodroneedu.examples.L0108WhileLoopsTest$LoopConditionTests" time="0.0"/>
  <testcase name="Should combine multiple conditions for complex control" classname="com.otabi.jcodroneedu.examples.L0108WhileLoopsTest$LoopConditionTests" time="0.0"/>
  <system-out><![CDATA[]]></system-out>
  <system-err><![CDATA[]]></system-err>
</testsuite>
