<?xml version="1.0" encoding="UTF-8"?>
<testsuite name="Forward Movement Tests" tests="3" skipped="0" failures="0" errors="0" timestamp="2025-11-16T05:33:01" hostname="macbookair.lan" time="0.001">
  <properties/>
  <testcase name="Should move forward with default parameters" classname="com.otabi.jcodroneedu.DistanceMovementTest$ForwardMovementTests" time="0.0"/>
  <testcase name="Should move forward with custom speed" classname="com.otabi.jcodroneedu.DistanceMovementTest$ForwardMovementTests" time="0.0"/>
  <testcase name="Should move forward with specified units" classname="com.otabi.jcodroneedu.DistanceMovementTest$ForwardMovementTests" time="0.0"/>
  <system-out><![CDATA[]]></system-out>
  <system-err><![CDATA[]]></system-err>
</testsuite>
