<?xml version="1.0" encoding="UTF-8"?>
<testsuite name="Educational API Compatibility Tests" tests="3" skipped="0" failures="0" errors="0" timestamp="2025-11-16T05:33:07" hostname="macbookair.lan" time="0.001">
  <properties/>
  <testcase name="Should support common educational turning patterns" classname="com.otabi.jcodroneedu.TurningMethodsTest$EducationalCompatibilityTests" time="0.0"/>
  <testcase name="Should work with movement methods for navigation patterns" classname="com.otabi.jcodroneedu.TurningMethodsTest$EducationalCompatibilityTests" time="0.0"/>
  <testcase name="Should provide Python-like turning API" classname="com.otabi.jcodroneedu.TurningMethodsTest$EducationalCompatibilityTests" time="0.001"/>
  <system-out><![CDATA[]]></system-out>
  <system-err><![CDATA[]]></system-err>
</testsuite>
