<?xml version="1.0" encoding="UTF-8"?>
<testsuite name="Practical Application Tests" tests="3" skipped="0" failures="0" errors="0" timestamp="2025-11-16T05:33:07" hostname="macbookair.lan" time="0.001">
  <properties/>
  <testcase name="Should create complex autonomous flight behaviors" classname="com.otabi.jcodroneedu.examples.L0109NestedLoopsTest$PracticalApplicationTests" time="0.0"/>
  <testcase name="Should demonstrate area coverage patterns" classname="com.otabi.jcodroneedu.examples.L0109NestedLoopsTest$PracticalApplicationTests" time="0.0"/>
  <testcase name="Should create search grid patterns" classname="com.otabi.jcodroneedu.examples.L0109NestedLoopsTest$PracticalApplicationTests" time="0.0"/>
  <system-out><![CDATA[]]></system-out>
  <system-err><![CDATA[]]></system-err>
</testsuite>
