<?xml version="1.0" encoding="UTF-8"?>
<testsuite name="Variable Usage Tests" tests="3" skipped="0" failures="0" errors="0" timestamp="2025-11-16T05:33:07" hostname="macbookair.lan" time="0.0">
  <properties/>
  <testcase name="Should demonstrate variable reuse through repeated patterns" classname="com.otabi.jcodroneedu.examples.L0104VariablesTest$VariableUsageTests" time="0.0"/>
  <testcase name="Should use variables for movement values" classname="com.otabi.jcodroneedu.examples.L0104VariablesTest$VariableUsageTests" time="0.0"/>
  <testcase name="Should use variables for timing/duration values" classname="com.otabi.jcodroneedu.examples.L0104VariablesTest$VariableUsageTests" time="0.0"/>
  <system-out><![CDATA[]]></system-out>
  <system-err><![CDATA[]]></system-err>
</testsuite>
