<?xml version="1.0" encoding="UTF-8"?>
<testsuite name="Temperature Sensor Tests" tests="5" skipped="0" failures="0" errors="0" timestamp="2025-11-16T05:32:56" hostname="macbookair.lan" time="0.217">
  <properties/>
  <testcase name="getDroneTemperature(unit) should throw exception for unsupported units" classname="com.otabi.jcodroneedu.AdvancedSensorTest$TemperatureSensorTests" time="0.002"/>
  <testcase name="getDroneTemperature(unit) should handle case insensitive units" classname="com.otabi.jcodroneedu.AdvancedSensorTest$TemperatureSensorTests" time="0.001"/>
  <testcase name="getDroneTemperature() should return 0.0 when no altitude data available" classname="com.otabi.jcodroneedu.AdvancedSensorTest$TemperatureSensorTests" time="0.106"/>
  <testcase name="getDroneTemperature() should return temperature in Celsius when data available" classname="com.otabi.jcodroneedu.AdvancedSensorTest$TemperatureSensorTests" time="0.103"/>
  <testcase name="getDroneTemperature(unit) should convert to different units correctly" classname="com.otabi.jcodroneedu.AdvancedSensorTest$TemperatureSensorTests" time="0.002"/>
  <system-out><![CDATA[21:32:56.330 [Test worker] ERROR com.otabi.jcodroneedu.SerialPortManager - Cannot write, serial port is not open.
21:32:56.437 [Test worker] ERROR com.otabi.jcodroneedu.SerialPortManager - Cannot write, serial port is not open.
]]></system-out>
  <system-err><![CDATA[]]></system-err>
</testsuite>
