<?xml version="1.0" encoding="UTF-8"?>
<testsuite name="Nested Loop Structure Tests" tests="3" skipped="0" failures="0" errors="0" timestamp="2025-11-16T05:33:07" hostname="macbookair.lan" time="0.001">
  <properties/>
  <testcase name="Should demonstrate proper loop nesting structure" classname="com.otabi.jcodroneedu.examples.L0109NestedLoopsTest$NestedLoopStructureTests" time="0.0"/>
  <testcase name="Should create 2D flight patterns" classname="com.otabi.jcodroneedu.examples.L0109NestedLoopsTest$NestedLoopStructureTests" time="0.001"/>
  <testcase name="Should demonstrate nested loop execution patterns" classname="com.otabi.jcodroneedu.examples.L0109NestedLoopsTest$NestedLoopStructureTests" time="0.0"/>
  <system-out><![CDATA[]]></system-out>
  <system-err><![CDATA[]]></system-err>
</testsuite>
