<?xml version="1.0" encoding="UTF-8"?>
<testsuite name="Range and Iteration Tests" tests="3" skipped="0" failures="0" errors="0" timestamp="2025-11-16T05:33:07" hostname="macbookair.lan" time="0.0">
  <properties/>
  <testcase name="Should control loop iterations with range" classname="com.otabi.jcodroneedu.examples.L0107ForLoopsTest$RangeAndIterationTests" time="0.0"/>
  <testcase name="Should use iteration variables for dynamic behavior" classname="com.otabi.jcodroneedu.examples.L0107ForLoopsTest$RangeAndIterationTests" time="0.0"/>
  <testcase name="Should demonstrate different range patterns" classname="com.otabi.jcodroneedu.examples.L0107ForLoopsTest$RangeAndIterationTests" time="0.0"/>
  <system-out><![CDATA[]]></system-out>
  <system-err><![CDATA[]]></system-err>
</testsuite>
