<?xml version="1.0" encoding="UTF-8"?>
<testsuite name="Get Move Values - Debugging Support" tests="2" skipped="0" failures="0" errors="0" timestamp="2025-11-16T05:33:00" hostname="macbookair.lan" time="0.002">
  <properties/>
  <testcase name="get_move_values() should return array and be tracked" classname="com.otabi.jcodroneedu.CriticalMethodsTest$GetMoveValuesTests" time="0.001"/>
  <testcase name="get_move_values() should reflect recent movement settings" classname="com.otabi.jcodroneedu.CriticalMethodsTest$GetMoveValuesTests" time="0.0"/>
  <system-out><![CDATA[]]></system-out>
  <system-err><![CDATA[]]></system-err>
</testsuite>
