<?xml version="1.0" encoding="UTF-8"?>
<testsuite name="Movement Combination Tests" tests="3" skipped="0" failures="0" errors="0" timestamp="2025-11-16T05:33:07" hostname="macbookair.lan" time="0.001">
  <properties/>
  <testcase name="Should demonstrate proper movement sequencing" classname="com.otabi.jcodroneedu.examples.L0103FlightMovementsTest$MovementCombinationTests" time="0.0"/>
  <testcase name="Should reset movement values to prevent unintended combinations" classname="com.otabi.jcodroneedu.examples.L0103FlightMovementsTest$MovementCombinationTests" time="0.0"/>
  <testcase name="Should combine multiple movement types" classname="com.otabi.jcodroneedu.examples.L0103FlightMovementsTest$MovementCombinationTests" time="0.0"/>
  <system-out><![CDATA[]]></system-out>
  <system-err><![CDATA[]]></system-err>
</testsuite>
