<?xml version="1.0" encoding="UTF-8"?>
<testsuite name="com.otabi.jcodroneedu.InformationAndRequestTest" tests="2" skipped="0" failures="0" errors="0" timestamp="2025-11-16T05:33:01" hostname="macbookair.lan" time="0.002">
  <properties/>
  <testcase name="informationUnpackHandlesUnknownModelNumber()" classname="com.otabi.jcodroneedu.InformationAndRequestTest" time="0.002"/>
  <testcase name="requestClassIsMappedToDataType()" classname="com.otabi.jcodroneedu.InformationAndRequestTest" time="0.0"/>
  <system-out><![CDATA[]]></system-out>
  <system-err><![CDATA[]]></system-err>
</testsuite>
