<?xml version="1.0" encoding="UTF-8"?>
<testsuite name="Loop Control Flow Tests" tests="3" skipped="0" failures="0" errors="0" timestamp="2025-11-16T05:33:07" hostname="macbookair.lan" time="0.001">
  <properties/>
  <testcase name="Should demonstrate loop variable progression" classname="com.otabi.jcodroneedu.examples.L0107ForLoopsTest$LoopControlFlowTests" time="0.0"/>
  <testcase name="Should show loop termination conditions" classname="com.otabi.jcodroneedu.examples.L0107ForLoopsTest$LoopControlFlowTests" time="0.0"/>
  <testcase name="Should demonstrate proper loop initialization" classname="com.otabi.jcodroneedu.examples.L0107ForLoopsTest$LoopControlFlowTests" time="0.0"/>
  <system-out><![CDATA[]]></system-out>
  <system-err><![CDATA[]]></system-err>
</testsuite>
