<?xml version="1.0" encoding="UTF-8"?>
<testsuite name="Function Return Values Tests" tests="3" skipped="0" failures="0" errors="0" timestamp="2025-11-16T05:33:07" hostname="macbookair.lan" time="0.0">
  <properties/>
  <testcase name="Should demonstrate functions returning sensor data" classname="com.otabi.jcodroneedu.examples.L0110FunctionsTest$FunctionReturnValuesTests" time="0.0"/>
  <testcase name="Should use return values for decision making" classname="com.otabi.jcodroneedu.examples.L0110FunctionsTest$FunctionReturnValuesTests" time="0.0"/>
  <testcase name="Should demonstrate function composition" classname="com.otabi.jcodroneedu.examples.L0110FunctionsTest$FunctionReturnValuesTests" time="0.0"/>
  <system-out><![CDATA[]]></system-out>
  <system-err><![CDATA[]]></system-err>
</testsuite>
