<?xml version="1.0" encoding="UTF-8"?>
<testsuite name="Integration Tests" tests="2" skipped="0" failures="0" errors="0" timestamp="2025-11-16T05:33:01" hostname="macbookair.lan" time="0.011">
  <properties/>
  <testcase name="Should create complex flight patterns" classname="com.otabi.jcodroneedu.DistanceMovementTest$IntegrationTests" time="0.007"/>
  <testcase name="Should work with existing flight control methods" classname="com.otabi.jcodroneedu.DistanceMovementTest$IntegrationTests" time="0.003"/>
  <system-out><![CDATA[]]></system-out>
  <system-err><![CDATA[]]></system-err>
</testsuite>
