<?xml version="1.0" encoding="UTF-8"?>
<testsuite name="Front Range Sensor - Obstacle Avoidance" tests="3" skipped="0" failures="0" errors="0" timestamp="2025-11-16T05:33:00" hostname="macbookair.lan" time="0.002">
  <properties/>
  <testcase name="get_front_range() should return distance and be tracked" classname="com.otabi.jcodroneedu.CriticalMethodsTest$FrontRangeTests" time="0.0"/>
  <testcase name="get_front_range() with no parameters should default to cm" classname="com.otabi.jcodroneedu.CriticalMethodsTest$FrontRangeTests" time="0.0"/>
  <testcase name="get_front_range() should handle different units" classname="com.otabi.jcodroneedu.CriticalMethodsTest$FrontRangeTests" time="0.001"/>
  <system-out><![CDATA[]]></system-out>
  <system-err><![CDATA[]]></system-err>
</testsuite>
