<?xml version="1.0" encoding="UTF-8"?>
<testsuite name="Safety and Best Practice Tests" tests="2" skipped="0" failures="0" errors="0" timestamp="2025-11-16T05:33:07" hostname="macbookair.lan" time="0.002">
  <properties/>
  <testcase name="Should not use potentially unsafe commands" classname="com.otabi.jcodroneedu.DroneFlightTest$SafetyTests" time="0.001"/>
  <testcase name="Should use reasonable pitch/roll values" classname="com.otabi.jcodroneedu.DroneFlightTest$SafetyTests" time="0.001"/>
  <system-out><![CDATA[]]></system-out>
  <system-err><![CDATA[]]></system-err>
</testsuite>
