<?xml version="1.0" encoding="UTF-8"?>
<testsuite name="Safety and Validation Tests" tests="2" skipped="0" failures="0" errors="0" timestamp="2025-11-16T05:33:01" hostname="macbookair.lan" time="0.002">
  <properties/>
  <testcase name="Should maintain flight safety during movements" classname="com.otabi.jcodroneedu.DistanceMovementTest$SafetyValidationTests" time="0.001"/>
  <testcase name="Should not crash with invalid parameters" classname="com.otabi.jcodroneedu.DistanceMovementTest$SafetyValidationTests" time="0.0"/>
  <system-out><![CDATA[]]></system-out>
  <system-err><![CDATA[]]></system-err>
</testsuite>
