<?xml version="1.0" encoding="UTF-8"?>
<testsuite name="Yaw Movement Tests" tests="3" skipped="0" failures="0" errors="0" timestamp="2025-11-16T05:33:07" hostname="macbookair.lan" time="0.001">
  <properties/>
  <testcase name="Should demonstrate difference between yaw and roll" classname="com.otabi.jcodroneedu.examples.L0103FlightMovementsTest$YawMovementTests" time="0.0"/>
  <testcase name="Should use setYaw for rotation around Z-axis" classname="com.otabi.jcodroneedu.examples.L0103FlightMovementsTest$YawMovementTests" time="0.0"/>
  <testcase name="Should use appropriate yaw values (lesson shows 25)" classname="com.otabi.jcodroneedu.examples.L0103FlightMovementsTest$YawMovementTests" time="0.001"/>
  <system-out><![CDATA[]]></system-out>
  <system-err><![CDATA[]]></system-err>
</testsuite>
