<?xml version="1.0" encoding="UTF-8"?>
<testsuite name="LED Mode Methods" tests="3" skipped="0" failures="0" errors="0" timestamp="2025-11-16T05:33:02" hostname="macbookair.lan" time="0.063">
  <properties/>
  <testcase name="Should validate LED mode parameters" classname="com.otabi.jcodroneedu.LEDControlTest$LEDModeTests" time="0.002"/>
  <testcase name="Should handle case-insensitive mode names" classname="com.otabi.jcodroneedu.LEDControlTest$LEDModeTests" time="0.014"/>
  <testcase name="Should set LED mode with valid parameters" classname="com.otabi.jcodroneedu.LEDControlTest$LEDModeTests" time="0.046"/>
  <system-out><![CDATA[]]></system-out>
  <system-err><![CDATA[]]></system-err>
</testsuite>
