<?xml version="1.0" encoding="UTF-8"?>
<testsuite name="Complex Pattern Creation Tests" tests="3" skipped="0" failures="0" errors="0" timestamp="2025-11-16T05:33:07" hostname="macbookair.lan" time="0.0">
  <properties/>
  <testcase name="Should show advanced flight pattern complexity" classname="com.otabi.jcodroneedu.examples.L0105VariablesTest$ComplexPatternCreationTests" time="0.0"/>
  <testcase name="Should demonstrate variable-driven flight control" classname="com.otabi.jcodroneedu.examples.L0105VariablesTest$ComplexPatternCreationTests" time="0.0"/>
  <testcase name="Should create geometric patterns using variables" classname="com.otabi.jcodroneedu.examples.L0105VariablesTest$ComplexPatternCreationTests" time="0.0"/>
  <system-out><![CDATA[]]></system-out>
  <system-err><![CDATA[]]></system-err>
</testsuite>
