<?xml version="1.0" encoding="UTF-8"?>
<testsuite name="Loop Comparison Tests" tests="3" skipped="0" failures="0" errors="0" timestamp="2025-11-16T05:33:07" hostname="macbookair.lan" time="0.001">
  <properties/>
  <testcase name="Should demonstrate when to use while vs for loops" classname="com.otabi.jcodroneedu.examples.L0108WhileLoopsTest$LoopComparisonTests" time="0.0"/>
  <testcase name="Should show while loop advantages for sensor monitoring" classname="com.otabi.jcodroneedu.examples.L0108WhileLoopsTest$LoopComparisonTests" time="0.0"/>
  <testcase name="Should demonstrate dynamic loop control" classname="com.otabi.jcodroneedu.examples.L0108WhileLoopsTest$LoopComparisonTests" time="0.001"/>
  <system-out><![CDATA[]]></system-out>
  <system-err><![CDATA[]]></system-err>
</testsuite>
