<?xml version="1.0" encoding="UTF-8"?>
<testsuite name="Directional Turn Tests" tests="4" skipped="0" failures="0" errors="0" timestamp="2025-11-16T05:33:07" hostname="macbookair.lan" time="0.001">
  <properties/>
  <testcase name="Should turn right with custom timeout" classname="com.otabi.jcodroneedu.TurningMethodsTest$DirectionalTurnTests" time="0.0"/>
  <testcase name="Should turn left with custom timeout" classname="com.otabi.jcodroneedu.TurningMethodsTest$DirectionalTurnTests" time="0.001"/>
  <testcase name="Should turn left with default timeout" classname="com.otabi.jcodroneedu.TurningMethodsTest$DirectionalTurnTests" time="0.0"/>
  <testcase name="Should turn right with default timeout" classname="com.otabi.jcodroneedu.TurningMethodsTest$DirectionalTurnTests" time="0.0"/>
  <system-out><![CDATA[]]></system-out>
  <system-err><![CDATA[]]></system-err>
</testsuite>
