<?xml version="1.0" encoding="UTF-8"?>
<testsuite name="Sensor-Based Control Tests" tests="3" skipped="0" failures="0" errors="0" timestamp="2025-11-16T05:33:07" hostname="macbookair.lan" time="0.001">
  <properties/>
  <testcase name="Should use range sensors for proximity control" classname="com.otabi.jcodroneedu.examples.L0108WhileLoopsTest$SensorBasedControlTests" time="0.001"/>
  <testcase name="Should create responsive flight behavior" classname="com.otabi.jcodroneedu.examples.L0108WhileLoopsTest$SensorBasedControlTests" time="0.0"/>
  <testcase name="Should monitor battery levels for safe flight" classname="com.otabi.jcodroneedu.examples.L0108WhileLoopsTest$SensorBasedControlTests" time="0.0"/>
  <system-out><![CDATA[]]></system-out>
  <system-err><![CDATA[]]></system-err>
</testsuite>
