<?xml version="1.0" encoding="UTF-8"?>
<testsuite name="Integration Tests" tests="3" skipped="0" failures="0" errors="0" timestamp="2025-11-16T05:33:07" hostname="macbookair.lan" time="0.002">
  <properties/>
  <testcase name="Should create complex flight patterns with turns" classname="com.otabi.jcodroneedu.TurningMethodsTest$IntegrationTests" time="0.001"/>
  <testcase name="Should demonstrate educational progression" classname="com.otabi.jcodroneedu.TurningMethodsTest$IntegrationTests" time="0.0"/>
  <testcase name="Should work with existing flight control methods" classname="com.otabi.jcodroneedu.TurningMethodsTest$IntegrationTests" time="0.001"/>
  <system-out><![CDATA[]]></system-out>
  <system-err><![CDATA[]]></system-err>
</testsuite>
